#
# A fatal error has been detected by the Java Runtime Environment:
#
#  SIGSEGV (0xb) at pc=0x00007fff6e162e52, pid=82105, tid=6147
#
# JRE version:  (11.0.2+9) (build )
# Java VM: OpenJDK 64-Bit Server VM (11.0.2+9, mixed mode, aot, sharing, tiered, compressed oops, g1 gc, bsd-amd64)
# Problematic frame:
# C  [libsystem_platform.dylib+0xe52]  _platform_strlen+0x12
#
# No core dump will be written. Core dumps have been disabled. To enable core dumping, try "ulimit -c unlimited" before starting Java again
#
# If you would like to submit a bug report, please visit:
#   http://bugreport.java.com/bugreport/crash.jsp
#

---------------  S U M M A R Y ------------

Command Line: 

Host: MacBookPro11,4 x86_64 2200 MHz, 8 cores, 16G, Darwin 19.5.0
Time: Fri Jun  5 10:18:37 2020 CST elapsed time: 0 seconds (0d 0h 0m 0s)

---------------  T H R E A D  ---------------

Current thread (0x00007fa1ab00d800):  JavaThread "Unknown thread" [_thread_in_vm, id=6147, stack(0x00007000052fd000,0x00007000053fd000)]

Stack: [0x00007000052fd000,0x00007000053fd000],  sp=0x00007000053fcb70,  free space=1022k
Native frames: (J=compiled Java code, A=aot compiled Java code, j=interpreted, Vv=VM code, C=native code)
C  [libsystem_platform.dylib+0xe52]  _platform_strlen+0x12
V  [libjvm.dylib+0x1eb94b]  ClassLoader::setup_boot_search_path(char const*)+0x1d
V  [libjvm.dylib+0x1ee3dc]  ClassLoader::initialize()+0x5d8
V  [libjvm.dylib+0x3813e5]  init_globals()+0x2d
V  [libjvm.dylib+0x6f0d19]  Threads::create_vm(JavaVMInitArgs*, bool*)+0x26d
V  [libjvm.dylib+0x3ee954]  JNI_CreateJavaVM+0x60
C  [java+0x3e58]  JavaMain+0x10b
C  [libsystem_pthread.dylib+0x6109]  _pthread_start+0x94
C  [libsystem_pthread.dylib+0x1b8b]  thread_start+0xf


siginfo: si_signo: 11 (SIGSEGV), si_code: 1 (SEGV_MAPERR), si_addr: 0x0000000000000000

Registers:
RAX=0x000000010e7461c2, RBX=0x000000010e749240, RCX=0x0000000000000000, RDX=0x0000000000000000
RSP=0x00007000053fcb70, RBP=0x00007000053fcb70, RSI=0x0000000000000000, RDI=0x0000000000000000
R8 =0x0000000000000000, R9 =0x0000000000000000, R10=0x0000000000000000, R11=0x0000000000000000
R12=0x00007fa1ab00d800, R13=0x00007000053fcf80, R14=0x000000010e3a8b9e, R15=0x00007000053fcef7
RIP=0x00007fff6e162e52, EFLAGS=0x0000000000010246, ERR=0x0000000000000004
  TRAPNO=0x000000000000000e

Top of Stack: (sp=0x00007000053fcb70)
0x00007000053fcb70:   00007000053fcc90 000000010dfeb94b
0x00007000053fcb80:   00007fa1aac11460 0000000000000040
0x00007000053fcb90:   00007fa1ac90ae10 0000000000000040
0x00007000053fcba0:   00007000053fcbd0 000000010e421684
0x00007000053fcbb0:   0000000000000038 0000000000000040
0x00007000053fcbc0:   00007fa1aac145b0 0000000000000002
0x00007000053fcbd0:   00007000053fcc30 000000010e41fc54
0x00007000053fcbe0:   00007000053fcc10 000000010e3cb645
0x00007000053fcbf0:   00007fa1aac11460 00007fa1aac145b0
0x00007000053fcc00:   00007fa1aac113d0 00007fa1ac90ae90
0x00007000053fcc10:   00007000053fcc50 000000010e4202d6
0x00007000053fcc20:   00007fa1aac145b0 00007fa1aac145b0
0x00007000053fcc30:   0000000000000004 000000010e584164
0x00007000053fcc40:   000000000000000b 0000000000000000
0x00007000053fcc50:   5ae17aa1ced70005 0000000000000000
0x00007000053fcc60:   000000010e3a8b9e 000000010e749240
0x00007000053fcc70:   00007fa1ab00d800 00007000053fcf80
0x00007000053fcc80:   000000010e3a8b9e 00007000053fcef7
0x00007000053fcc90:   00007000053fccc0 000000010dfee3dc
0x00007000053fcca0:   00007fa1ab00d800 00007fa1ab00d800
0x00007000053fccb0:   000000010e749240 000000010e3a8b9e
0x00007000053fccc0:   00007000053fcd10 000000010e1813e5
0x00007000053fccd0:   00007fa1ab00d800 00007fa1aac10e30
0x00007000053fcce0:   00007fa1aac115d0 00007fa1aac115e0
0x00007000053fccf0:   00007fa1aac116b8 00000000000000d8
0x00007000053fcd00:   00007fa1aac114b0 000000010e749240
0x00007000053fcd10:   00007000053fcea0 000000010e4f0d19
0x00007000053fcd20:   0000000000000000 0000000000000000
0x00007000053fcd30:   0000000000000000 0000000000000000
0x00007000053fcd40:   0000000000000000 0000000000000000
0x00007000053fcd50:   0000000000000000 0000000000000000
0x00007000053fcd60:   0000000000000100 0000000000000000 

Instructions: (pc=0x00007fff6e162e52)
0x00007fff6e162e32:   90 90 90 90 90 90 90 90 90 90 90 90 90 90 55 48
0x00007fff6e162e42:   89 e5 48 89 f9 48 89 fa 48 83 e7 f0 66 0f ef c0
0x00007fff6e162e52:   66 0f 74 07 66 0f d7 f0 48 83 e1 0f 48 83 c8 ff
0x00007fff6e162e62:   48 d3 e0 21 c6 74 17 0f bc c6 48 29 d7 48 01 f8 


---------------  P R O C E S S  ---------------

Threads class SMR info:
_java_thread_list=0x00007fa1aac109a0, length=0, elements={
}

Java Threads: ( => current thread )

Other Threads:

[error occurred during error reporting (printing all threads), id 0xb, SIGSEGV (0xb) at pc=0x000000010e4f2036]

VM state:not at safepoint (not fully initialized)

VM Mutex/Monitor currently owned by a thread: None


[error occurred during error reporting (printing compressed oops mode), id 0xb, SIGSEGV (0xb) at pc=0x000000010e5061d2]

Deoptimization events (0 events):
No events

Classes redefined (0 events):
No events

Internal exceptions (0 events):
No events

Events (0 events):
No events


Dynamic libraries:
0x00007fff3304e000 	/System/Library/Frameworks/Cocoa.framework/Versions/A/Cocoa
0x00007fff40836000 	/System/Library/Frameworks/Security.framework/Versions/A/Security
0x00007fff31fb5000 	/System/Library/Frameworks/ApplicationServices.framework/Versions/A/ApplicationServices
0x00007fff6d48e000 	/usr/lib/libz.1.dylib
0x00007fff6af52000 	/usr/lib/libSystem.B.dylib
0x00007fff33eee000 	/System/Library/Frameworks/CoreFoundation.framework/Versions/A/CoreFoundation
0x00007fff365a8000 	/System/Library/Frameworks/Foundation.framework/Versions/C/Foundation
0x00007fff6cdb2000 	/usr/lib/libobjc.A.dylib
0x00007fff311a5000 	/System/Library/Frameworks/AppKit.framework/Versions/C/AppKit
0x00007fff339d2000 	/System/Library/Frameworks/CoreData.framework/Versions/A/CoreData
0x00007fff64f6d000 	/System/Library/PrivateFrameworks/UIFoundation.framework/Versions/A/UIFoundation
0x00007fff60011000 	/System/Library/PrivateFrameworks/RemoteViewServices.framework/Versions/A/RemoteViewServices
0x00007fff67ac2000 	/System/Library/PrivateFrameworks/XCTTargetBootstrap.framework/Versions/A/XCTTargetBootstrap
0x00007fff33dbd000 	/System/Library/Frameworks/CoreDisplay.framework/Versions/A/CoreDisplay
0x00007fff39463000 	/System/Library/Frameworks/Metal.framework/Versions/A/Metal
0x00007fff4e01d000 	/System/Library/PrivateFrameworks/DesktopServicesPriv.framework/Versions/A/DesktopServicesPriv
0x00007fff6c08d000 	/usr/lib/liblangid.dylib
0x00007fff4d2b5000 	/System/Library/PrivateFrameworks/CoreSVG.framework/Versions/A/CoreSVG
0x00007fff6316a000 	/System/Library/PrivateFrameworks/SkyLight.framework/Versions/A/SkyLight
0x00007fff3436f000 	/System/Library/Frameworks/CoreGraphics.framework/Versions/A/CoreGraphics
0x00007fff2fb79000 	/System/Library/Frameworks/Accelerate.framework/Versions/A/Accelerate
0x00007fff6d37f000 	/usr/lib/libxml2.2.dylib
0x00007fff58faa000 	/System/Library/PrivateFrameworks/IconServices.framework/Versions/A/IconServices
0x00007fff36d87000 	/System/Library/Frameworks/IOSurface.framework/Versions/A/IOSurface
0x00007fff6aa7c000 	/usr/lib/libDiagnosticMessagesClient.dylib
0x00007fff4de77000 	/System/Library/PrivateFrameworks/DFRFoundation.framework/Versions/A/DFRFoundation
0x00007fff6be1c000 	/usr/lib/libicucore.A.dylib
0x00007fff322e7000 	/System/Library/Frameworks/AudioToolbox.framework/Versions/A/AudioToolbox
0x00007fff323ca000 	/System/Library/Frameworks/AudioUnit.framework/Versions/A/AudioUnit
0x00007fff6b154000 	/usr/lib/libauto.dylib
0x00007fff4df19000 	/System/Library/PrivateFrameworks/DataDetectorsCore.framework/Versions/A/DataDetectorsCore
0x00007fff32b6f000 	/System/Library/Frameworks/Carbon.framework/Versions/A/Frameworks/HIToolbox.framework/Versions/A/HIToolbox
0x00007fff3fa33000 	/System/Library/Frameworks/QuartzCore.framework/Versions/A/QuartzCore
0x00007fff32eae000 	/System/Library/Frameworks/Carbon.framework/Versions/A/Frameworks/SpeechRecognition.framework/Versions/A/SpeechRecognition
0x00007fff4d98e000 	/System/Library/PrivateFrameworks/CoreUI.framework/Versions/A/CoreUI
0x00007fff3343d000 	/System/Library/Frameworks/CoreAudio.framework/Versions/A/CoreAudio
0x00007fff36269000 	/System/Library/Frameworks/DiskArbitration.framework/Versions/A/DiskArbitration
0x00007fff5aff8000 	/System/Library/PrivateFrameworks/MultitouchSupport.framework/Versions/A/MultitouchSupport
0x00007fff6bce3000 	/usr/lib/libenergytrace.dylib
0x00007fff36ce1000 	/System/Library/Frameworks/IOKit.framework/Versions/A/IOKit
0x00007fff352d5000 	/System/Library/Frameworks/CoreServices.framework/Versions/A/CoreServices
0x00007fff5d1a7000 	/System/Library/PrivateFrameworks/PerformanceAnalysis.framework/Versions/A/PerformanceAnalysis
0x00007fff3ea66000 	/System/Library/Frameworks/OpenGL.framework/Versions/A/OpenGL
0x00007fff3305c000 	/System/Library/Frameworks/ColorSync.framework/Versions/A/ColorSync
0x00007fff349f1000 	/System/Library/Frameworks/CoreImage.framework/Versions/A/CoreImage
0x00007fff35d48000 	/System/Library/Frameworks/CoreText.framework/Versions/A/CoreText
0x00007fff36e17000 	/System/Library/Frameworks/ImageIO.framework/Versions/A/ImageIO
0x00007fff6b238000 	/usr/lib/libc++.1.dylib
0x00007fff6b2b4000 	/usr/lib/libcompression.dylib
0x00007fff6adc0000 	/usr/lib/libMobileGestalt.dylib
0x00007fff64ce2000 	/System/Library/PrivateFrameworks/TextureIO.framework/Versions/A/TextureIO
0x00007fff6b0b7000 	/usr/lib/libate.dylib
0x00007fff591b3000 	/System/Library/PrivateFrameworks/InternationalSupport.framework/Versions/A/InternationalSupport
0x00007fff6dd4e000 	/usr/lib/system/libcache.dylib
0x00007fff6dd54000 	/usr/lib/system/libcommonCrypto.dylib
0x00007fff6dd60000 	/usr/lib/system/libcompiler_rt.dylib
0x00007fff6dd68000 	/usr/lib/system/libcopyfile.dylib
0x00007fff6dd72000 	/usr/lib/system/libcorecrypto.dylib
0x00007fff6df11000 	/usr/lib/system/libdispatch.dylib
0x00007fff6df52000 	/usr/lib/system/libdyld.dylib
0x00007fff6df89000 	/usr/lib/system/libkeymgr.dylib
0x00007fff6df97000 	/usr/lib/system/liblaunch.dylib
0x00007fff6df98000 	/usr/lib/system/libmacho.dylib
0x00007fff6df9e000 	/usr/lib/system/libquarantine.dylib
0x00007fff6dfa1000 	/usr/lib/system/libremovefile.dylib
0x00007fff6dfa3000 	/usr/lib/system/libsystem_asl.dylib
0x00007fff6dfbb000 	/usr/lib/system/libsystem_blocks.dylib
0x00007fff6dfbc000 	/usr/lib/system/libsystem_c.dylib
0x00007fff6e044000 	/usr/lib/system/libsystem_configuration.dylib
0x00007fff6e048000 	/usr/lib/system/libsystem_coreservices.dylib
0x00007fff6e04c000 	/usr/lib/system/libsystem_darwin.dylib
0x00007fff6e055000 	/usr/lib/system/libsystem_dnssd.dylib
0x00007fff6e05d000 	/usr/lib/system/libsystem_featureflags.dylib
0x00007fff6e05f000 	/usr/lib/system/libsystem_info.dylib
0x00007fff6e0da000 	/usr/lib/system/libsystem_m.dylib
0x00007fff6e122000 	/usr/lib/system/libsystem_malloc.dylib
0x00007fff6e14a000 	/usr/lib/system/libsystem_networkextension.dylib
0x00007fff6e158000 	/usr/lib/system/libsystem_notify.dylib
0x00007fff6e176000 	/usr/lib/system/libsystem_sandbox.dylib
0x00007fff6e17b000 	/usr/lib/system/libsystem_secinit.dylib
0x00007fff6e0ad000 	/usr/lib/system/libsystem_kernel.dylib
0x00007fff6e162000 	/usr/lib/system/libsystem_platform.dylib
0x00007fff6e16b000 	/usr/lib/system/libsystem_pthread.dylib
0x00007fff6e17e000 	/usr/lib/system/libsystem_symptoms.dylib
0x00007fff6e186000 	/usr/lib/system/libsystem_trace.dylib
0x00007fff6e19e000 	/usr/lib/system/libunwind.dylib
0x00007fff6e1a4000 	/usr/lib/system/libxpc.dylib
0x00007fff6b28b000 	/usr/lib/libc++abi.dylib
0x00007fff6c08f000 	/usr/lib/liblzma.5.dylib
0x00007fff6bd0a000 	/usr/lib/libfakelink.dylib
0x00007fff6b044000 	/usr/lib/libarchive.2.dylib
0x00007fff418e7000 	/System/Library/Frameworks/SystemConfiguration.framework/Versions/A/SystemConfiguration
0x00007fff6a9af000 	/usr/lib/libCRFSuite.dylib
0x00007fff32760000 	/System/Library/Frameworks/CFNetwork.framework/Versions/A/CFNetwork
0x00007fff6b21a000 	/usr/lib/libbsm.0.dylib
0x00007fff6df8a000 	/usr/lib/system/libkxld.dylib
0x00007fff47803000 	/System/Library/PrivateFrameworks/AppleFSCompression.framework/Versions/A/AppleFSCompression
0x00007fff6b5a5000 	/usr/lib/libcoretls.dylib
0x00007fff6b5bc000 	/usr/lib/libcoretls_cfhelpers.dylib
0x00007fff6cdf8000 	/usr/lib/libpam.2.dylib
0x00007fff6cf2d000 	/usr/lib/libsqlite3.dylib
0x00007fff6d36c000 	/usr/lib/libxar.1.dylib
0x00007fff6b22b000 	/usr/lib/libbz2.1.0.dylib
0x00007fff6bd2b000 	/usr/lib/libiconv.2.dylib
0x00007fff6b2a1000 	/usr/lib/libcharset.1.dylib
0x00007fff6c895000 	/usr/lib/libnetwork.dylib
0x00007fff6cdff000 	/usr/lib/libpcap.A.dylib
0x00007fff6aff9000 	/usr/lib/libapple_nghttp2.dylib
0x00007fff3568c000 	/System/Library/Frameworks/CoreServices.framework/Versions/A/Frameworks/FSEvents.framework/Versions/A/FSEvents
0x00007fff3535c000 	/System/Library/Frameworks/CoreServices.framework/Versions/A/Frameworks/CarbonCore.framework/Versions/A/CarbonCore
0x00007fff358d0000 	/System/Library/Frameworks/CoreServices.framework/Versions/A/Frameworks/Metadata.framework/Versions/A/Metadata
0x00007fff35969000 	/System/Library/Frameworks/CoreServices.framework/Versions/A/Frameworks/OSServices.framework/Versions/A/OSServices
0x00007fff35997000 	/System/Library/Frameworks/CoreServices.framework/Versions/A/Frameworks/SearchKit.framework/Versions/A/SearchKit
0x00007fff352d6000 	/System/Library/Frameworks/CoreServices.framework/Versions/A/Frameworks/AE.framework/Versions/A/AE
0x00007fff35695000 	/System/Library/Frameworks/CoreServices.framework/Versions/A/Frameworks/LaunchServices.framework/Versions/A/LaunchServices
0x00007fff3563e000 	/System/Library/Frameworks/CoreServices.framework/Versions/A/Frameworks/DictionaryServices.framework/Versions/A/DictionaryServices
0x00007fff359ff000 	/System/Library/Frameworks/CoreServices.framework/Versions/A/Frameworks/SharedFileList.framework/Versions/A/SharedFileList
0x00007fff3a886000 	/System/Library/Frameworks/NetFS.framework/Versions/A/NetFS
0x00007fff5b528000 	/System/Library/PrivateFrameworks/NetAuth.framework/Versions/A/NetAuth
0x00007fff67e8f000 	/System/Library/PrivateFrameworks/login.framework/Versions/A/Frameworks/loginsupport.framework/Versions/A/loginsupport
0x00007fff647ad000 	/System/Library/PrivateFrameworks/TCC.framework/Versions/A/TCC
0x00007fff4c428000 	/System/Library/PrivateFrameworks/CoreNLP.framework/Versions/A/CoreNLP
0x00007fff5aa25000 	/System/Library/PrivateFrameworks/MetadataUtilities.framework/Versions/A/MetadataUtilities
0x00007fff6c167000 	/usr/lib/libmecabra.dylib
0x00007fff6c0bf000 	/usr/lib/libmecab.dylib
0x00007fff6bd1b000 	/usr/lib/libgermantok.dylib
0x00007fff6afe0000 	/usr/lib/libThaiTokenizer.dylib
0x00007fff6a9e6000 	/usr/lib/libChineseTokenizer.dylib
0x00007fff2fb91000 	/System/Library/Frameworks/Accelerate.framework/Versions/A/Frameworks/vImage.framework/Versions/A/vImage
0x00007fff30ffb000 	/System/Library/Frameworks/Accelerate.framework/Versions/A/Frameworks/vecLib.framework/Versions/A/vecLib
0x00007fff30f38000 	/System/Library/Frameworks/Accelerate.framework/Versions/A/Frameworks/vecLib.framework/Versions/A/libvMisc.dylib
0x00007fff30d60000 	/System/Library/Frameworks/Accelerate.framework/Versions/A/Frameworks/vecLib.framework/Versions/A/libvDSP.dylib
0x00007fff301e8000 	/System/Library/Frameworks/Accelerate.framework/Versions/A/Frameworks/vecLib.framework/Versions/A/libBLAS.dylib
0x00007fff30924000 	/System/Library/Frameworks/Accelerate.framework/Versions/A/Frameworks/vecLib.framework/Versions/A/libLAPACK.dylib
0x00007fff30cc0000 	/System/Library/Frameworks/Accelerate.framework/Versions/A/Frameworks/vecLib.framework/Versions/A/libLinearAlgebra.dylib
0x00007fff30d4d000 	/System/Library/Frameworks/Accelerate.framework/Versions/A/Frameworks/vecLib.framework/Versions/A/libSparseBLAS.dylib
0x00007fff30cd6000 	/System/Library/Frameworks/Accelerate.framework/Versions/A/Frameworks/vecLib.framework/Versions/A/libQuadrature.dylib
0x00007fff30450000 	/System/Library/Frameworks/Accelerate.framework/Versions/A/Frameworks/vecLib.framework/Versions/A/libBNNS.dylib
0x00007fff30cdc000 	/System/Library/Frameworks/Accelerate.framework/Versions/A/Frameworks/vecLib.framework/Versions/A/libSparse.dylib
0x00007fff5959b000 	/System/Library/PrivateFrameworks/LanguageModeling.framework/Versions/A/LanguageModeling
0x00007fff4bdd8000 	/System/Library/PrivateFrameworks/CoreEmoji.framework/Versions/A/CoreEmoji
0x00007fff596b9000 	/System/Library/PrivateFrameworks/LinguisticData.framework/Versions/A/LinguisticData
0x00007fff5966a000 	/System/Library/PrivateFrameworks/Lexicon.framework/Versions/A/Lexicon
0x00007fff6b2a2000 	/usr/lib/libcmph.dylib
0x00007fff3d474000 	/System/Library/Frameworks/OpenDirectory.framework/Versions/A/Frameworks/CFOpenDirectory.framework/Versions/A/CFOpenDirectory
0x00007fff3d491000 	/System/Library/Frameworks/OpenDirectory.framework/Versions/A/OpenDirectory
0x00007fff458b6000 	/System/Library/PrivateFrameworks/APFS.framework/Versions/A/APFS
0x00007fff40b80000 	/System/Library/Frameworks/SecurityFoundation.framework/Versions/A/SecurityFoundation
0x00007fff6d368000 	/usr/lib/libutil.dylib
0x00007fff4d30d000 	/System/Library/PrivateFrameworks/CoreServicesStore.framework/Versions/A/CoreServicesStore
0x00007fff40c37000 	/System/Library/Frameworks/ServiceManagement.framework/Versions/A/ServiceManagement
0x00007fff48fd2000 	/System/Library/PrivateFrameworks/BackgroundTaskManagement.framework/Versions/A/BackgroundTaskManagement
0x00007fff6d465000 	/usr/lib/libxslt.1.dylib
0x00007fff47e76000 	/System/Library/PrivateFrameworks/AppleSystemInfo.framework/Versions/A/AppleSystemInfo
0x00007fff37032000 	/System/Library/Frameworks/ImageIO.framework/Versions/A/Resources/libJPEG.dylib
0x00007fff372ee000 	/System/Library/Frameworks/ImageIO.framework/Versions/A/Resources/libTIFF.dylib
0x00007fff372d1000 	/System/Library/Frameworks/ImageIO.framework/Versions/A/Resources/libPng.dylib
0x00007fff36f74000 	/System/Library/Frameworks/ImageIO.framework/Versions/A/Resources/libGIF.dylib
0x00007fff36f78000 	/System/Library/Frameworks/ImageIO.framework/Versions/A/Resources/libJP2.dylib
0x00007fff372ec000 	/System/Library/Frameworks/ImageIO.framework/Versions/A/Resources/libRadiance.dylib
0x00007fff6bce4000 	/usr/lib/libexpat.1.dylib
0x00007fff4795e000 	/System/Library/PrivateFrameworks/AppleJPEG.framework/Versions/A/AppleJPEG
0x00007fff5060c000 	/System/Library/PrivateFrameworks/FontServices.framework/libFontParser.dylib
0x00007fff66e94000 	/System/Library/PrivateFrameworks/WatchdogClient.framework/Versions/A/WatchdogClient
0x00007fff58bf6000 	/System/Library/PrivateFrameworks/IOAccelerator.framework/Versions/A/IOAccelerator
0x00007fff397fe000 	/System/Library/Frameworks/MetalPerformanceShaders.framework/Versions/A/MetalPerformanceShaders
0x00007fff5538d000 	/System/Library/PrivateFrameworks/GPUWrangler.framework/Versions/A/GPUWrangler
0x00007fff58c0b000 	/System/Library/PrivateFrameworks/IOPresentment.framework/Versions/A/IOPresentment
0x00007fff4de8a000 	/System/Library/PrivateFrameworks/DSExternalDisplay.framework/Versions/A/DSExternalDisplay
0x00007fff3de05000 	/System/Library/Frameworks/OpenGL.framework/Versions/A/Libraries/libCoreFSCache.dylib
0x00007fff3954a000 	/System/Library/Frameworks/MetalPerformanceShaders.framework/Frameworks/MPSCore.framework/Versions/A/MPSCore
0x00007fff39588000 	/System/Library/Frameworks/MetalPerformanceShaders.framework/Frameworks/MPSImage.framework/Versions/A/MPSImage
0x00007fff3964f000 	/System/Library/Frameworks/MetalPerformanceShaders.framework/Frameworks/MPSNeuralNetwork.framework/Versions/A/MPSNeuralNetwork
0x00007fff39613000 	/System/Library/Frameworks/MetalPerformanceShaders.framework/Frameworks/MPSMatrix.framework/Versions/A/MPSMatrix
0x00007fff397ae000 	/System/Library/Frameworks/MetalPerformanceShaders.framework/Frameworks/MPSRayIntersector.framework/Versions/A/MPSRayIntersector
0x00007fff39639000 	/System/Library/Frameworks/MetalPerformanceShaders.framework/Frameworks/MPSNDArray.framework/Versions/A/MPSNDArray
0x00007fff5aa72000 	/System/Library/PrivateFrameworks/MetalTools.framework/Versions/A/MetalTools
0x00007fff46a8b000 	/System/Library/PrivateFrameworks/AggregateDictionary.framework/Versions/A/AggregateDictionary
0x00007fff4b822000 	/System/Library/PrivateFrameworks/CoreAnalytics.framework/Versions/A/CoreAnalytics
0x00007fff47d95000 	/System/Library/PrivateFrameworks/AppleSauce.framework/Versions/A/AppleSauce
0x00007fff6aca2000 	/usr/lib/libIOReport.dylib
0x00007fff35f00000 	/System/Library/Frameworks/CoreVideo.framework/Versions/A/CoreVideo
0x00007fff56807000 	/System/Library/PrivateFrameworks/GraphVisualizer.framework/Versions/A/GraphVisualizer
0x00007fff4fb53000 	/System/Library/PrivateFrameworks/FaceCore.framework/Versions/A/FaceCore
0x00007fff3d41b000 	/System/Library/Frameworks/OpenCL.framework/Versions/A/OpenCL
0x00007fff6aac4000 	/usr/lib/libFosl_dynamic.dylib
0x00007fff5bf48000 	/System/Library/PrivateFrameworks/OTSVG.framework/Versions/A/OTSVG
0x00007fff320ba000 	/System/Library/Frameworks/ApplicationServices.framework/Versions/A/Frameworks/ATS.framework/Versions/A/Resources/libFontRegistry.dylib
0x00007fff507de000 	/System/Library/PrivateFrameworks/FontServices.framework/libhvf.dylib
0x00007fff3de10000 	/System/Library/Frameworks/OpenGL.framework/Versions/A/Libraries/libGFXShared.dylib
0x00007fff3dfee000 	/System/Library/Frameworks/OpenGL.framework/Versions/A/Libraries/libGLU.dylib
0x00007fff3de19000 	/System/Library/Frameworks/OpenGL.framework/Versions/A/Libraries/libGL.dylib
0x00007fff3de24000 	/System/Library/Frameworks/OpenGL.framework/Versions/A/Libraries/libGLImage.dylib
0x00007fff3de02000 	/System/Library/Frameworks/OpenGL.framework/Versions/A/Libraries/libCVMSPluginSupport.dylib
0x00007fff3de0b000 	/System/Library/Frameworks/OpenGL.framework/Versions/A/Libraries/libCoreVMClient.dylib
0x00007fff6c736000 	/usr/lib/libncurses.5.4.dylib
0x00007fff31fb6000 	/System/Library/Frameworks/ApplicationServices.framework/Versions/A/Frameworks/ATS.framework/Versions/A/ATS
0x00007fff32183000 	/System/Library/Frameworks/ApplicationServices.framework/Versions/A/Frameworks/ColorSyncLegacy.framework/Versions/A/ColorSyncLegacy
0x00007fff32221000 	/System/Library/Frameworks/ApplicationServices.framework/Versions/A/Frameworks/HIServices.framework/Versions/A/HIServices
0x00007fff32279000 	/System/Library/Frameworks/ApplicationServices.framework/Versions/A/Frameworks/LangAnalysis.framework/Versions/A/LangAnalysis
0x00007fff32288000 	/System/Library/Frameworks/ApplicationServices.framework/Versions/A/Frameworks/PrintCore.framework/Versions/A/PrintCore
0x00007fff322ce000 	/System/Library/Frameworks/ApplicationServices.framework/Versions/A/Frameworks/QD.framework/Versions/A/QD
0x00007fff322d9000 	/System/Library/Frameworks/ApplicationServices.framework/Versions/A/Frameworks/SpeechSynthesis.framework/Versions/A/SpeechSynthesis
0x00007fff32153000 	/System/Library/Frameworks/ApplicationServices.framework/Versions/A/Frameworks/ATSUI.framework/Versions/A/ATSUI
0x00007fff6bb7a000 	/usr/lib/libcups.2.dylib
0x00007fff38899000 	/System/Library/Frameworks/Kerberos.framework/Versions/A/Kerberos
0x00007fff369da000 	/System/Library/Frameworks/GSS.framework/Versions/A/GSS
0x00007fff6ceb9000 	/usr/lib/libresolv.9.dylib
0x00007fff569b4000 	/System/Library/PrivateFrameworks/Heimdal.framework/Versions/A/Heimdal
0x00007fff388ac000 	/System/Library/Frameworks/Kerberos.framework/Versions/A/Libraries/libHeimdalProxy.dylib
0x00007fff6bd21000 	/usr/lib/libheimdal-asn1.dylib
0x00007fff4acbd000 	/System/Library/PrivateFrameworks/CommonAuth.framework/Versions/A/CommonAuth
0x00007fff47f13000 	/System/Library/PrivateFrameworks/AssertionServices.framework/Versions/A/AssertionServices
0x00007fff48ab5000 	/System/Library/PrivateFrameworks/AudioToolboxCore.framework/Versions/A/AudioToolboxCore
0x00007fff67b3f000 	/System/Library/PrivateFrameworks/caulk.framework/Versions/A/caulk
0x00007fff4907e000 	/System/Library/PrivateFrameworks/BaseBoard.framework/Versions/A/BaseBoard
0x00007fff6019f000 	/System/Library/PrivateFrameworks/RunningBoardServices.framework/Versions/A/RunningBoardServices
0x00007fff5d1b3000 	/System/Library/PrivateFrameworks/PersistentConnection.framework/Versions/A/PersistentConnection
0x00007fff5fb99000 	/System/Library/PrivateFrameworks/ProtocolBuffer.framework/Versions/A/ProtocolBuffer
0x00007fff4ace1000 	/System/Library/PrivateFrameworks/CommonUtilities.framework/Versions/A/CommonUtilities
0x00007fff4920c000 	/System/Library/PrivateFrameworks/Bom.framework/Versions/A/Bom
0x00007fff6a975000 	/usr/lib/libAudioToolboxUtility.dylib
0x00007fff48fdc000 	/System/Library/PrivateFrameworks/Backup.framework/Versions/A/Backup
0x00007fff4ddab000 	/System/Library/PrivateFrameworks/CrashReporterSupport.framework/Versions/A/CrashReporterSupport
0x00007fff61c30000 	/System/Library/PrivateFrameworks/Sharing.framework/Versions/A/Sharing
0x00007fff47521000 	/System/Library/PrivateFrameworks/Apple80211.framework/Versions/A/Apple80211
0x00007fff48cf9000 	/System/Library/PrivateFrameworks/AuthKit.framework/Versions/A/AuthKit
0x00007fff4dabb000 	/System/Library/PrivateFrameworks/CoreUtils.framework/Versions/A/CoreUtils
0x00007fff35f45000 	/System/Library/Frameworks/CoreWLAN.framework/Versions/A/CoreWLAN
0x00007fff36b67000 	/System/Library/Frameworks/IOBluetooth.framework/Versions/A/IOBluetooth
0x00007fff5ad77000 	/System/Library/PrivateFrameworks/MobileKeyBag.framework/Versions/A/MobileKeyBag
0x00007fff4c8c0000 	/System/Library/PrivateFrameworks/CorePhoneNumbers.framework/Versions/A/CorePhoneNumbers
0x00007fff47911000 	/System/Library/PrivateFrameworks/AppleIDAuthSupport.framework/Versions/A/AppleIDAuthSupport
0x00007fff3a893000 	/System/Library/Frameworks/Network.framework/Versions/A/Network
0x00007fff59447000 	/System/Library/PrivateFrameworks/KeychainCircle.framework/Versions/A/KeychainCircle
0x00007fff33999000 	/System/Library/Frameworks/CoreBluetooth.framework/Versions/A/CoreBluetooth
0x00007fff63cad000 	/System/Library/PrivateFrameworks/SpeechRecognitionCore.framework/Versions/A/SpeechRecognitionCore
0x00007fff26fb9000 	/System/Library/CoreServices/Encodings/libSimplifiedChineseConverter.dylib
0x000000010de00000 	/Users/liug/Documents/tools/adoptopenjdk-11.jdk/Contents/Home/lib/server/libjvm.dylib
0x000000010cc34000 	/Users/liug/Documents/tools/adoptopenjdk-11.jdk/Contents/Home/lib/libverify.dylib
0x000000010cc40000 	/Users/liug/Documents/tools/adoptopenjdk-11.jdk/Contents/Home/lib/libjava.dylib
0x000000010ccb8000 	/Users/liug/Documents/tools/adoptopenjdk-11.jdk/Contents/Home/lib/libzip.dylib
0x000000010ccc0000 	/Users/liug/Documents/tools/adoptopenjdk-11.jdk/Contents/Home/lib/libjimage.dylib


VM Arguments:
java_command: <unknown>
java_class_path (initial): <not set>
Launcher Type: SUN_STANDARD

[Global flags]
     uint G1ConcRefinementThreads                  = 8                                         {product} {ergonomic}
    uintx GCDrainStackTargetSize                   = 64                                        {product} {ergonomic}
   size_t InitialHeapSize                          = 268435456                                 {product} {ergonomic}
   size_t MaxHeapSize                              = 4294967296                                {product} {ergonomic}
    uintx ReservedCodeCacheSize                    = 251658240                              {pd product} {ergonomic}
     bool SegmentedCodeCache                       = true                                      {product} {ergonomic}
     bool UseCompressedClassPointers               = true                                 {lp64_product} {ergonomic}
     bool UseCompressedOops                        = true                                 {lp64_product} {ergonomic}
     bool UseG1GC                                  = true                                      {product} {ergonomic}

Logging:
Log output configuration:
 #0: stdout all=warning uptime,level,tags
 #1: stderr all=off uptime,level,tags

Environment Variables:
JAVA_HOME=/Users/liug/Documents/tools/adoptopenjdk-11.jdk/Contents/Home
PATH=/Library/Frameworks/Python.framework/Versions/3.7/bin:/Users/liug/Documents/golang:/usr/local/opt/qt/bin:/Users/liug/Documents/tools/gradle-4.3/bin:/Library/Frameworks/Python.framework/Versions/3.5/bin:/Users/liug/Documents/tools/maven/apache-maven-3.3.9/bin:/usr/local/bin:/usr/bin:/bin:/usr/sbin:/sbin:/usr/local/go/bin:/Library/Frameworks/Mono.framework/Versions/Current/Commands:/Users/liug/Documents/golang/bin
SHELL=/bin/bash

Signal Handlers:
SIGSEGV: [libjvm.dylib+0x73f4e4], sa_mask[0]=11111111011111110111111111111111, sa_flags=SA_ONSTACK|SA_RESTART|SA_SIGINFO
SIGBUS: [libjvm.dylib+0x73f4e4], sa_mask[0]=11111111011111110111111111111111, sa_flags=SA_RESTART|SA_SIGINFO
SIGFPE: [libjvm.dylib+0x73f4e4], sa_mask[0]=11111111011111110111111111111111, sa_flags=SA_RESTART|SA_SIGINFO
SIGPIPE: [libjvm.dylib+0x5f2192], sa_mask[0]=11111111011111110111111111111111, sa_flags=SA_RESTART|SA_SIGINFO
SIGXFSZ: [libjvm.dylib+0x5f2192], sa_mask[0]=11111111011111110111111111111111, sa_flags=SA_RESTART|SA_SIGINFO
SIGILL: [libjvm.dylib+0x73f4e4], sa_mask[0]=11111111011111110111111111111111, sa_flags=SA_RESTART|SA_SIGINFO
SIGUSR2: [libjvm.dylib+0x5f2777], sa_mask[0]=00000000000000000000000000000000, sa_flags=SA_RESTART|SA_SIGINFO
SIGHUP: SIG_DFL, sa_mask[0]=11011111011111100000000111000110, sa_flags=none
SIGINT: SIG_DFL, sa_mask[0]=00000000000000000000000000000000, sa_flags=none
SIGTERM: SIG_DFL, sa_mask[0]=00000000000000000000000000000000, sa_flags=none
SIGQUIT: SIG_DFL, sa_mask[0]=00000000000000000000000000000000, sa_flags=none


---------------  S Y S T E M  ---------------

OS:uname:Darwin 19.5.0 Darwin Kernel Version 19.5.0: Thu Apr 30 18:25:59 PDT 2020; root:xnu-6153.121.1~7/RELEASE_X86_64 x86_64
rlimit: STACK 8192k, CORE 0k, NPROC 2784, NOFILE 10240, AS infinity, DATA infinity, FSIZE infinity
load average:2.73 3.11 2.74

CPU:total 8 (initial active 8) 

Memory: 4k page, physical 16777216k(1394804k free)

vm_info: OpenJDK 64-Bit Server VM (11.0.2+9) for bsd-amd64 JRE (11.0.2+9), built on Jan 18 2019 08:16:22 by "mach5one" with gcc 4.2.1 Compatible Apple LLVM 9.1.0 (clang-902.0.39.2)

END.
